# JRE version: OpenJDK Runtime Environment (8.0_242-b01) (build 1.8.0_242-release-1644-b01)
# Java VM: OpenJDK 64-Bit Server VM (25.242-b01 mixed mode windows-amd64 compressed oops)
Heap:
 PSYoungGen      total 222208K, used 64326K [0x00000000d5580000, 0x00000000e7600000, 0x0000000100000000)
  eden space 200704K, 21% used [0x00000000d5580000,0x00000000d7f54608,0x00000000e1980000)
  from space 21504K, 99% used [0x00000000e1980000,0x00000000e2e7d5b0,0x00000000e2e80000)
  to   space 23040K, 0% used [0x00000000e5f80000,0x00000000e5f80000,0x00000000e7600000)
 ParOldGen       total 221184K, used 61975K [0x0000000080000000, 0x000000008d800000, 0x00000000d5580000)
  object space 221184K, 28% used [0x0000000080000000,0x0000000083c85f40,0x000000008d800000)
 Metaspace       used 84019K, capacity 87644K, committed 87856K, reserved 1124352K
  class space    used 11245K, capacity 12032K, committed 12080K, reserved 1048576K
GC Heap History (10 events):
Event: 19.337 GC heap before
{Heap before GC invocations=12 (full 2):
 PSYoungGen      total 183808K, used 93352K [0x00000000d5580000, 0x00000000e4000000, 0x0000000100000000)
  eden space 171520K, 47% used [0x00000000d5580000,0x00000000da4aee00,0x00000000dfd00000)
  from space 12288K, 99% used [0x00000000dfd00000,0x00000000e08fb310,0x00000000e0900000)
  to   space 17920K, 0% used [0x00000000e2e80000,0x00000000e2e80000,0x00000000e4000000)
 ParOldGen       total 149504K, used 26714K [0x0000000080000000, 0x0000000089200000, 0x00000000d5580000)
  object space 149504K, 17% used [0x0000000080000000,0x0000000081a16890,0x0000000089200000)
 Metaspace       used 57080K, capacity 59092K, committed 59160K, reserved 1099776K
  class space    used 7510K, capacity 8052K, committed 8112K, reserved 1048576K
Event: 19.420 GC heap after
Heap after GC invocations=12 (full 2):
 PSYoungGen      total 218624K, used 17889K [0x00000000d5580000, 0x00000000e5d80000, 0x0000000100000000)
  eden space 200704K, 0% used [0x00000000d5580000,0x00000000d5580000,0x00000000e1980000)
  from space 17920K, 99% used [0x00000000e2e80000,0x00000000e3ff8728,0x00000000e4000000)
  to   space 21504K, 0% used [0x00000000e1980000,0x00000000e1980000,0x00000000e2e80000)
 ParOldGen       total 149504K, used 30073K [0x0000000080000000, 0x0000000089200000, 0x00000000d5580000)
  object space 149504K, 20% used [0x0000000080000000,0x0000000081d5e7e8,0x0000000089200000)
 Metaspace       used 57080K, capacity 59092K, committed 59160K, reserved 1099776K
  class space    used 7510K, capacity 8052K, committed 8112K, reserved 1048576K
}
Event: 19.420 GC heap before
{Heap before GC invocations=13 (full 3):
 PSYoungGen      total 218624K, used 17889K [0x00000000d5580000, 0x00000000e5d80000, 0x0000000100000000)
  eden space 200704K, 0% used [0x00000000d5580000,0x00000000d5580000,0x00000000e1980000)
  from space 17920K, 99% used [0x00000000e2e80000,0x00000000e3ff8728,0x00000000e4000000)
  to   space 21504K, 0% used [0x00000000e1980000,0x00000000e1980000,0x00000000e2e80000)
 ParOldGen       total 149504K, used 30073K [0x0000000080000000, 0x0000000089200000, 0x00000000d5580000)
  object space 149504K, 20% used [0x0000000080000000,0x0000000081d5e7e8,0x0000000089200000)
 Metaspace       used 57080K, capacity 59092K, committed 59160K, reserved 1099776K
  class space    used 7510K, capacity 8052K, committed 8112K, reserved 1048576K
Event: 20.002 GC heap after
Heap after GC invocations=13 (full 3):
 PSYoungGen      total 218624K, used 0K [0x00000000d5580000, 0x00000000e5d80000, 0x0000000100000000)
  eden space 200704K, 0% used [0x00000000d5580000,0x00000000d5580000,0x00000000e1980000)
  from space 17920K, 0% used [0x00000000e2e80000,0x00000000e2e80000,0x00000000e4000000)
  to   space 21504K, 0% used [0x00000000e1980000,0x00000000e1980000,0x00000000e2e80000)
 ParOldGen       total 221184K, used 36725K [0x0000000080000000, 0x000000008d800000, 0x00000000d5580000)
  object space 221184K, 16% used [0x0000000080000000,0x00000000823dd540,0x000000008d800000)
 Metaspace       used 57019K, capacity 58940K, committed 59160K, reserved 1099776K
  class space    used 7495K, capacity 8032K, committed 8112K, reserved 1048576K
}
Event: 26.014 GC heap before
{Heap before GC invocations=14 (full 3):
 PSYoungGen      total 218624K, used 200704K [0x00000000d5580000, 0x00000000e5d80000, 0x0000000100000000)
  eden space 200704K, 100% used [0x00000000d5580000,0x00000000e1980000,0x00000000e1980000)
  from space 17920K, 0% used [0x00000000e2e80000,0x00000000e2e80000,0x00000000e4000000)
  to   space 21504K, 0% used [0x00000000e1980000,0x00000000e1980000,0x00000000e2e80000)
 ParOldGen       total 221184K, used 36725K [0x0000000080000000, 0x000000008d800000, 0x00000000d5580000)
  object space 221184K, 16% used [0x0000000080000000,0x00000000823dd540,0x000000008d800000)
 Metaspace       used 67918K, capacity 70538K, committed 70832K, reserved 1110016K
  class space    used 9198K, capacity 9809K, committed 9904K, reserved 1048576K
Event: 26.091 GC heap after
Heap after GC invocations=14 (full 3):
 PSYoungGen      total 222208K, used 18247K [0x00000000d5580000, 0x00000000e7600000, 0x0000000100000000)
  eden space 200704K, 0% used [0x00000000d5580000,0x00000000d5580000,0x00000000e1980000)
  from space 21504K, 84% used [0x00000000e1980000,0x00000000e2b51ea0,0x00000000e2e80000)
  to   space 23040K, 0% used [0x00000000e5f80000,0x00000000e5f80000,0x00000000e7600000)
 ParOldGen       total 221184K, used 36733K [0x0000000080000000, 0x000000008d800000, 0x00000000d5580000)
  object space 221184K, 16% used [0x0000000080000000,0x00000000823df540,0x000000008d800000)
 Metaspace       used 67918K, capacity 70538K, committed 70832K, reserved 1110016K
  class space    used 9198K, capacity 9809K, committed 9904K, reserved 1048576K
}
Event: 36.052 GC heap before
{Heap before GC invocations=15 (full 3):
 PSYoungGen      total 222208K, used 218951K [0x00000000d5580000, 0x00000000e7600000, 0x0000000100000000)
  eden space 200704K, 100% used [0x00000000d5580000,0x00000000e1980000,0x00000000e1980000)
  from space 21504K, 84% used [0x00000000e1980000,0x00000000e2b51ea0,0x00000000e2e80000)
  to   space 23040K, 0% used [0x00000000e5f80000,0x00000000e5f80000,0x00000000e7600000)
 ParOldGen       total 221184K, used 36733K [0x0000000080000000, 0x000000008d800000, 0x00000000d5580000)
  object space 221184K, 16% used [0x0000000080000000,0x00000000823df540,0x000000008d800000)
 Metaspace       used 77897K, capacity 81152K, committed 81456K, reserved 1120256K
  class space    used 10486K, capacity 11235K, committed 11312K, reserved 1048576K
Event: 36.149 GC heap after
Heap after GC invocations=15 (full 3):
 PSYoungGen      total 223744K, used 23009K [0x00000000d5580000, 0x00000000e7600000, 0x0000000100000000)
  eden space 200704K, 0% used [0x00000000d5580000,0x00000000d5580000,0x00000000e1980000)
  from space 23040K, 99% used [0x00000000e5f80000,0x00000000e75f87a0,0x00000000e7600000)
  to   space 21504K, 0% used [0x00000000e1980000,0x00000000e1980000,0x00000000e2e80000)
 ParOldGen       total 221184K, used 43080K [0x0000000080000000, 0x000000008d800000, 0x00000000d5580000)
  object space 221184K, 19% used [0x0000000080000000,0x0000000082a12030,0x000000008d800000)
 Metaspace       used 77897K, capacity 81152K, committed 81456K, reserved 1120256K
  class space    used 10486K, capacity 11235K, committed 11312K, reserved 1048576K
}
Event: 40.611 GC heap before
{Heap before GC invocations=16 (full 3):
 PSYoungGen      total 223744K, used 223713K [0x00000000d5580000, 0x00000000e7600000, 0x0000000100000000)
  eden space 200704K, 100% used [0x00000000d5580000,0x00000000e1980000,0x00000000e1980000)
  from space 23040K, 99% used [0x00000000e5f80000,0x00000000e75f87a0,0x00000000e7600000)
  to   space 21504K, 0% used [0x00000000e1980000,0x00000000e1980000,0x00000000e2e80000)
 ParOldGen       total 221184K, used 43080K [0x0000000080000000, 0x000000008d800000, 0x00000000d5580000)
  object space 221184K, 19% used [0x0000000080000000,0x0000000082a12030,0x000000008d800000)
 Metaspace       used 83773K, capacity 87398K, committed 87600K, reserved 1124352K
  class space    used 11219K, capacity 11997K, committed 12080K, reserved 1048576K
Event: 40.724 GC heap after
Heap after GC invocations=16 (full 3):
 PSYoungGen      total 222208K, used 21493K [0x00000000d5580000, 0x00000000e7600000, 0x0000000100000000)
  eden space 200704K, 0% used [0x00000000d5580000,0x00000000d5580000,0x00000000e1980000)
  from space 21504K, 99% used [0x00000000e1980000,0x00000000e2e7d5b0,0x00000000e2e80000)
  to   space 23040K, 0% used [0x00000000e5f80000,0x00000000e5f80000,0x00000000e7600000)
 ParOldGen       total 221184K, used 61975K [0x0000000080000000, 0x000000008d800000, 0x00000000d5580000)
  object space 221184K, 28% used [0x0000000080000000,0x0000000083c85f40,0x000000008d800000)
 Metaspace       used 83773K, capacity 87398K, committed 87600K, reserved 1124352K
  class space    used 11219K, capacity 11997K, committed 12080K, reserved 1048576K
}

